<?xml version="1.0" encoding="UTF-8"?>
<testng-results ignored="0" total="1" passed="1" failed="0" skipped="0">
  <reporter-output>
  </reporter-output>
  <suite started-at="2025-03-14T09:51:39 IST" name="Default suite" finished-at="2025-03-14T09:52:06 IST" duration-ms="26367">
    <groups>
      <group name="system">
        <method signature="createUserAndCheckInAdminAndDeleteTest.createPatient()[pri:0, instance:HC.RAPO.Patient.createUserAndCheckInAdminAndDeleteTest@409bf450]" name="createPatient" class="HC.RAPO.Patient.createUserAndCheckInAdminAndDeleteTest"/>
      </group> <!-- system -->
    </groups>
    <test started-at="2025-03-14T09:51:39 IST" name="Default test" finished-at="2025-03-14T09:52:06 IST" duration-ms="26367">
      <class name="HC.RAPO.Patient.createUserAndCheckInAdminAndDeleteTest">
        <test-method is-config="true" signature="dataBaseConnection()[pri:0, instance:HC.RAPO.Patient.createUserAndCheckInAdminAndDeleteTest@409bf450]" started-at="2025-03-14T09:51:38 IST" name="dataBaseConnection" finished-at="2025-03-14T09:51:39 IST" duration-ms="1201" status="PASS">
          <reporter-output>
          </reporter-output>
        </test-method> <!-- dataBaseConnection -->
        <test-method is-config="true" signature="ExtentReportFlush()[pri:0, instance:HC.RAPO.Patient.createUserAndCheckInAdminAndDeleteTest@409bf450]" started-at="2025-03-14T09:51:39 IST" name="ExtentReportFlush" finished-at="2025-03-14T09:51:39 IST" duration-ms="1" status="PASS">
          <reporter-output>
          </reporter-output>
        </test-method> <!-- ExtentReportFlush -->
        <test-method is-config="true" signature="toLaunchBrowser()[pri:0, instance:HC.RAPO.Patient.createUserAndCheckInAdminAndDeleteTest@409bf450]" started-at="2025-03-14T09:51:39 IST" name="toLaunchBrowser" finished-at="2025-03-14T09:51:39 IST" duration-ms="0" status="PASS">
          <reporter-output>
          </reporter-output>
        </test-method> <!-- toLaunchBrowser -->
        <test-method is-config="true" signature="toLaunchBrowser()[pri:0, instance:HC.RAPO.Patient.createUserAndCheckInAdminAndDeleteTest@409bf450]" started-at="2025-03-14T09:51:39 IST" name="toLaunchBrowser" finished-at="2025-03-14T09:51:39 IST" duration-ms="1" status="PASS">
          <reporter-output>
          </reporter-output>
        </test-method> <!-- toLaunchBrowser -->
        <test-method is-config="true" signature="toGetIntoUrl()[pri:0, instance:HC.RAPO.Patient.createUserAndCheckInAdminAndDeleteTest@409bf450]" started-at="2025-03-14T09:51:39 IST" name="toGetIntoUrl" finished-at="2025-03-14T09:51:47 IST" duration-ms="7137" status="PASS">
          <reporter-output>
          </reporter-output>
        </test-method> <!-- toGetIntoUrl -->
        <test-method signature="createPatient()[pri:0, instance:HC.RAPO.Patient.createUserAndCheckInAdminAndDeleteTest@409bf450]" started-at="2025-03-14T09:51:47 IST" name="createPatient" finished-at="2025-03-14T09:52:05 IST" duration-ms="18708" status="PASS">
          <reporter-output>
          </reporter-output>
        </test-method> <!-- createPatient -->
        <test-method is-config="true" signature="toCloseBrowser()[pri:0, instance:HC.RAPO.Patient.createUserAndCheckInAdminAndDeleteTest@409bf450]" started-at="2025-03-14T09:52:05 IST" name="toCloseBrowser" finished-at="2025-03-14T09:52:06 IST" duration-ms="466" status="PASS">
          <reporter-output>
          </reporter-output>
        </test-method> <!-- toCloseBrowser -->
        <test-method is-config="true" signature="ExtentReportFlush()[pri:0, instance:HC.RAPO.Patient.createUserAndCheckInAdminAndDeleteTest@409bf450]" started-at="2025-03-14T09:52:06 IST" name="ExtentReportFlush" finished-at="2025-03-14T09:52:06 IST" duration-ms="0" status="PASS">
          <reporter-output>
          </reporter-output>
        </test-method> <!-- ExtentReportFlush -->
        <test-method is-config="true" signature="ExtentReportFlush()[pri:0, instance:HC.RAPO.Patient.createUserAndCheckInAdminAndDeleteTest@409bf450]" started-at="2025-03-14T09:52:06 IST" name="ExtentReportFlush" finished-at="2025-03-14T09:52:06 IST" duration-ms="1" status="PASS">
          <reporter-output>
          </reporter-output>
        </test-method> <!-- ExtentReportFlush -->
      </class> <!-- HC.RAPO.Patient.createUserAndCheckInAdminAndDeleteTest -->
    </test> <!-- Default test -->
  </suite> <!-- Default suite -->
</testng-results>
