<?xml version="1.0" encoding="UTF-8"?>
<!-- Generated by org.testng.reporters.JUnitXMLReporter -->
<testsuite ignored="6" hostname="LAPTOP-6MELK31E" failures="0" tests="0" name="Test - 4" time="26.167" errors="0" timestamp="2025-03-14T17:20:03 IST">
  <testcase classname="genericUtility.BaseClass" name="@BeforeSuite dataBaseConnection" time="0.0">
    <ignored/>
  </testcase> <!-- @BeforeSuite dataBaseConnection -->
  <testcase classname="genericUtility.BaseClass" name="@BeforeSuite dataBaseConnection" time="0.0">
    <ignored/>
  </testcase> <!-- @BeforeSuite dataBaseConnection -->
  <testcase classname="genericUtility.BaseClass" name="@BeforeTest ExtentReportFlush" time="0.0">
    <ignored/>
  </testcase> <!-- @BeforeTest ExtentReportFlush -->
  <testcase classname="genericUtility.BaseClass" name="@BeforeTest ExtentReportFlush" time="0.0">
    <ignored/>
  </testcase> <!-- @BeforeTest ExtentReportFlush -->
  <testcase classname="genericUtility.BaseClass" name="@BeforeTest toLaunchBrowser" time="0.0">
    <ignored/>
  </testcase> <!-- @BeforeTest toLaunchBrowser -->
  <testcase classname="genericUtility.BaseClass" name="@BeforeTest toLaunchBrowser" time="0.0">
    <ignored/>
  </testcase> <!-- @BeforeTest toLaunchBrowser -->
</testsuite> <!-- Test - 4 -->
