<?xml version="1.0" encoding="UTF-8"?>
<!-- Generated by org.testng.reporters.JUnitXMLReporter -->
<testsuite ignored="3" hostname="LAPTOP-6MELK31E" failures="0" tests="0" name="Test - 3" time="20.421" errors="0" timestamp="2025-03-14T17:19:58 IST">
  <testcase classname="genericUtility.BaseClass" name="@BeforeSuite dataBaseConnection" time="0.0">
    <ignored/>
  </testcase> <!-- @BeforeSuite dataBaseConnection -->
  <testcase classname="genericUtility.BaseClass" name="@BeforeTest ExtentReportFlush" time="0.0">
    <ignored/>
  </testcase> <!-- @BeforeTest ExtentReportFlush -->
  <testcase classname="genericUtility.BaseClass" name="@BeforeTest toLaunchBrowser" time="0.0">
    <ignored/>
  </testcase> <!-- @BeforeTest toLaunchBrowser -->
</testsuite> <!-- Test - 3 -->
