<?xml version="1.0" encoding="UTF-8"?>
<!-- Generated by org.testng.reporters.JUnitXMLReporter -->
<testsuite ignored="3" hostname="LAPTOP-6MELK31E" failures="0" tests="3" name="Test - 1" time="70.337" errors="0" timestamp="2025-03-14T17:20:48 IST">
  <testcase classname="HC.RAPO.Admin.sessionLogViewTest" name="adminCanSeeSessionLogOfDoctorTest" time="15.04"/>
  <testcase classname="HC.RAPO.Admin.sessionLogViewTest" name="adminCanSeeSessionLogOfUserTest" time="7.508"/>
  <testcase classname="HC.RAPO.Admin.addDoctorAndVerifyTest" name="addDoctorTest" time="10.339"/>
  <testcase classname="genericUtility.BaseClass" name="@BeforeSuite dataBaseConnection" time="0.0">
    <ignored/>
  </testcase> <!-- @BeforeSuite dataBaseConnection -->
  <testcase classname="genericUtility.BaseClass" name="@BeforeTest ExtentReportFlush" time="0.0">
    <ignored/>
  </testcase> <!-- @BeforeTest ExtentReportFlush -->
  <testcase classname="genericUtility.BaseClass" name="@BeforeTest toLaunchBrowser" time="0.0">
    <ignored/>
  </testcase> <!-- @BeforeTest toLaunchBrowser -->
</testsuite> <!-- Test - 1 -->
