<?xml version="1.0" encoding="UTF-8"?>
<!-- Generated by org.testng.reporters.JUnitXMLReporter -->
<testsuite ignored="23" hostname="LAPTOP-6MELK31E" failures="0" tests="3" name="Test" time="39.896" errors="0" timestamp="2025-03-14T17:18:51 IST">
  <testcase classname="HC.RAPO.Admin.sessionLogViewTest" name="adminCanSeeSessionLogOfDoctorTest" time="6.09"/>
  <testcase classname="HC.RAPO.Admin.sessionLogViewTest" name="adminCanSeeSessionLogOfUserTest" time="6.225"/>
  <testcase classname="HC.RAPO.Doctor.viewAppointmentsPageOpenTest" name="doctorCanSeeAppointmentsPageTest" time="3.625"/>
  <testcase classname="HC.RAPO.Patient.createUserAndCheckInAdminAndDeleteTest" name="createPatient" time="0.0">
    <ignored/>
  </testcase> <!-- createPatient -->
  <testcase classname="genericUtility.BaseClass" name="@BeforeTest ExtentReportFlush" time="0.0">
    <ignored/>
  </testcase> <!-- @BeforeTest ExtentReportFlush -->
  <testcase classname="genericUtility.BaseClass" name="@BeforeTest ExtentReportFlush" time="0.0">
    <ignored/>
  </testcase> <!-- @BeforeTest ExtentReportFlush -->
  <testcase classname="genericUtility.BaseClass" name="@BeforeTest ExtentReportFlush" time="0.0">
    <ignored/>
  </testcase> <!-- @BeforeTest ExtentReportFlush -->
  <testcase classname="genericUtility.BaseClass" name="@BeforeTest ExtentReportFlush" time="0.0">
    <ignored/>
  </testcase> <!-- @BeforeTest ExtentReportFlush -->
  <testcase classname="genericUtility.BaseClass" name="@BeforeTest ExtentReportFlush" time="0.0">
    <ignored/>
  </testcase> <!-- @BeforeTest ExtentReportFlush -->
  <testcase classname="genericUtility.BaseClass" name="@BeforeTest ExtentReportFlush" time="0.0">
    <ignored/>
  </testcase> <!-- @BeforeTest ExtentReportFlush -->
  <testcase classname="genericUtility.BaseClass" name="@BeforeTest ExtentReportFlush" time="0.0">
    <ignored/>
  </testcase> <!-- @BeforeTest ExtentReportFlush -->
  <testcase classname="genericUtility.BaseClass" name="@BeforeTest ExtentReportFlush" time="0.0">
    <ignored/>
  </testcase> <!-- @BeforeTest ExtentReportFlush -->
  <testcase classname="HC.RAPO.Patient.createPatientLoginPutAppDoctorAppHisCancelAppTest" name="createPatientAndLogin" time="0.0">
    <ignored/>
  </testcase> <!-- createPatientAndLogin -->
  <testcase classname="HC.RAPO.Doctor.createPatientTest" name="createPatientAndAddMedicalHistoryAndCheckInAdmin" time="0.0">
    <ignored/>
  </testcase> <!-- createPatientAndAddMedicalHistoryAndCheckInAdmin -->
  <testcase classname="HC.RAPO.Doctor.addReportAndVerifyInAdminTest" name="addReport" time="0.0">
    <ignored/>
  </testcase> <!-- addReport -->
  <testcase classname="genericUtility.BaseClass" name="@BeforeTest toLaunchBrowser" time="0.0">
    <ignored/>
  </testcase> <!-- @BeforeTest toLaunchBrowser -->
  <testcase classname="genericUtility.BaseClass" name="@BeforeTest toLaunchBrowser" time="0.0">
    <ignored/>
  </testcase> <!-- @BeforeTest toLaunchBrowser -->
  <testcase classname="genericUtility.BaseClass" name="@BeforeTest toLaunchBrowser" time="0.0">
    <ignored/>
  </testcase> <!-- @BeforeTest toLaunchBrowser -->
  <testcase classname="genericUtility.BaseClass" name="@BeforeTest toLaunchBrowser" time="0.0">
    <ignored/>
  </testcase> <!-- @BeforeTest toLaunchBrowser -->
  <testcase classname="genericUtility.BaseClass" name="@BeforeTest toLaunchBrowser" time="0.0">
    <ignored/>
  </testcase> <!-- @BeforeTest toLaunchBrowser -->
  <testcase classname="genericUtility.BaseClass" name="@BeforeTest toLaunchBrowser" time="0.0">
    <ignored/>
  </testcase> <!-- @BeforeTest toLaunchBrowser -->
  <testcase classname="genericUtility.BaseClass" name="@BeforeTest toLaunchBrowser" time="0.0">
    <ignored/>
  </testcase> <!-- @BeforeTest toLaunchBrowser -->
  <testcase classname="genericUtility.BaseClass" name="@BeforeTest toLaunchBrowser" time="0.0">
    <ignored/>
  </testcase> <!-- @BeforeTest toLaunchBrowser -->
  <testcase classname="HC.RAPO.Admin.addDoctorAndVerifyTest" name="addDoctorTest" time="0.0">
    <ignored/>
  </testcase> <!-- addDoctorTest -->
  <testcase classname="HC.RAPO.Admin.addSpecializationAndVerifyTest" name="addSpecializationTest" time="0.0">
    <ignored/>
  </testcase> <!-- addSpecializationTest -->
  <testcase classname="HC.RAPO.Patient.createAppointmentAndVerifyTest" name="createAppointmentAndVerifyInDoctorTest" time="0.0">
    <ignored/>
  </testcase> <!-- createAppointmentAndVerifyInDoctorTest -->
</testsuite> <!-- Test -->
